2019-12-10 14:38:34,075 INFO o.a.j.u.JMeterUtils: Setting Locale to zh_CN
2019-12-10 14:38:34,090 INFO o.a.j.JMeter: Loading user properties from: C:\Users\ASUS\Downloads\apache-jmeter-5.2\bin\user.properties
2019-12-10 14:38:34,090 INFO o.a.j.JMeter: Loading system properties from: C:\Users\ASUS\Downloads\apache-jmeter-5.2\bin\system.properties
2019-12-10 14:38:34,091 INFO o.a.j.JMeter: Copyright (c) 1998-2019 The Apache Software Foundation
2019-12-10 14:38:34,091 INFO o.a.j.JMeter: Version 5.2
2019-12-10 14:38:34,091 INFO o.a.j.JMeter: java.version=1.8.0_202
2019-12-10 14:38:34,091 INFO o.a.j.JMeter: java.vm.name=Java HotSpot(TM) 64-Bit Server VM
2019-12-10 14:38:34,091 INFO o.a.j.JMeter: os.name=Windows 10
2019-12-10 14:38:34,091 INFO o.a.j.JMeter: os.arch=amd64
2019-12-10 14:38:34,092 INFO o.a.j.JMeter: os.version=10.0
2019-12-10 14:38:34,092 INFO o.a.j.JMeter: file.encoding=GBK
2019-12-10 14:38:34,092 INFO o.a.j.JMeter: java.awt.headless=null
2019-12-10 14:38:34,092 INFO o.a.j.JMeter: Max memory     =1073741824
2019-12-10 14:38:34,092 INFO o.a.j.JMeter: Available Processors =12
2019-12-10 14:38:34,094 INFO o.a.j.JMeter: Default Locale=English (EN)
2019-12-10 14:38:34,095 INFO o.a.j.JMeter: JMeter  Locale=Chinese (China)
2019-12-10 14:38:34,095 INFO o.a.j.JMeter: JMeterHome=C:\Users\ASUS\Downloads\apache-jmeter-5.2
2019-12-10 14:38:34,095 INFO o.a.j.JMeter: user.dir  =C:\Users\ASUS\JmeterTest\demo
2019-12-10 14:38:34,095 INFO o.a.j.JMeter: PWD       =C:\Users\ASUS\JmeterTest\demo
2019-12-10 14:38:34,097 INFO o.a.j.JMeter: IP: 192.168.1.10 Name: LAPTOP-5VPLT75S FullName: LAPTOP-5VPLT75S
2019-12-10 14:38:34,212 INFO o.a.j.g.a.LookAndFeelCommand: Installing Darcula LAF
2019-12-10 14:38:34,223 INFO o.a.j.g.a.LookAndFeelCommand: Using look and feel: com.bulenkov.darcula.DarculaLaf [Darcula]
2019-12-10 14:38:34,223 INFO o.a.j.JMeter: Setting LAF to: com.bulenkov.darcula.DarculaLaf
2019-12-10 14:38:34,260 INFO o.a.j.JMeter: Loaded icon properties from org/apache/jmeter/images/icon.properties
2019-12-10 14:38:35,443 INFO o.a.j.p.h.s.HTTPSamplerBase: Parser for text/html is org.apache.jmeter.protocol.http.parser.LagartoBasedHtmlParser
2019-12-10 14:38:35,443 INFO o.a.j.p.h.s.HTTPSamplerBase: Parser for application/xhtml+xml is org.apache.jmeter.protocol.http.parser.LagartoBasedHtmlParser
2019-12-10 14:38:35,443 INFO o.a.j.p.h.s.HTTPSamplerBase: Parser for application/xml is org.apache.jmeter.protocol.http.parser.LagartoBasedHtmlParser
2019-12-10 14:38:35,443 INFO o.a.j.p.h.s.HTTPSamplerBase: Parser for text/xml is org.apache.jmeter.protocol.http.parser.LagartoBasedHtmlParser
2019-12-10 14:38:35,444 INFO o.a.j.p.h.s.HTTPSamplerBase: Parser for text/vnd.wap.wml is org.apache.jmeter.protocol.http.parser.RegexpHTMLParser
2019-12-10 14:38:35,444 INFO o.a.j.p.h.s.HTTPSamplerBase: Parser for text/css is org.apache.jmeter.protocol.http.parser.CssParser
2019-12-10 14:38:35,728 INFO o.a.j.e.KeyToolUtils: keytool found at 'keytool'
2019-12-10 14:38:35,728 INFO o.a.j.p.h.p.ProxyControl: HTTP(S) Test Script Recorder SSL Proxy will use keys that support embedded 3rd party resources in file C:\Users\ASUS\Downloads\apache-jmeter-5.2\bin\proxyserver.jks
2019-12-10 14:38:35,829 INFO o.a.j.s.FileServer: Default base='C:\Users\ASUS\JmeterTest\demo'
2019-12-10 14:38:36,465 INFO o.a.j.s.SampleResult: Note: Sample TimeStamps are START times
2019-12-10 14:38:36,465 INFO o.a.j.s.SampleResult: sampleresult.default.encoding is set to utf-8
2019-12-10 14:38:36,465 INFO o.a.j.s.SampleResult: sampleresult.useNanoTime=true
2019-12-10 14:38:36,465 INFO o.a.j.s.SampleResult: sampleresult.nanoThreadSleep=5000
2019-12-10 14:38:51,355 INFO o.a.j.e.u.CompoundVariable: Note: Function class names must contain the string: '.functions.'
2019-12-10 14:38:51,356 INFO o.a.j.e.u.CompoundVariable: Note: Function class names must not contain the string: '.gui.'
2019-12-10 14:39:18,846 INFO o.a.j.e.StandardJMeterEngine: Running the test!
2019-12-10 14:39:18,846 INFO o.a.j.s.SampleEvent: List of sample_variables: []
2019-12-10 14:39:18,846 INFO o.a.j.s.SampleEvent: List of sample_variables: []
2019-12-10 14:39:18,849 INFO o.a.j.g.u.JMeterMenuBar: setRunning(true, *local*)
2019-12-10 14:39:18,949 INFO o.a.j.e.StandardJMeterEngine: Starting ThreadGroup: 1 : 线程组
2019-12-10 14:39:18,949 INFO o.a.j.e.StandardJMeterEngine: Starting 1 threads for group 线程组.
2019-12-10 14:39:18,949 INFO o.a.j.e.StandardJMeterEngine: Thread will continue on error
2019-12-10 14:39:18,950 INFO o.a.j.t.ThreadGroup: Starting thread group... number=1 threads=1 ramp-up=1 delayedStart=false
2019-12-10 14:39:18,955 INFO o.a.j.t.ThreadGroup: Started thread group number 1
2019-12-10 14:39:18,955 INFO o.a.j.e.StandardJMeterEngine: All thread groups have been started
2019-12-10 14:39:18,966 INFO o.a.j.t.JMeterThread: Thread started: 线程组 1-1
2019-12-10 14:39:18,974 INFO o.a.j.t.JMeterThread: Thread is done: 线程组 1-1
2019-12-10 14:39:18,975 INFO o.a.j.t.JMeterThread: Thread finished: 线程组 1-1
2019-12-10 14:39:18,975 INFO o.a.j.e.StandardJMeterEngine: Notifying test listeners of end of test
2019-12-10 14:39:18,975 INFO o.a.j.g.u.JMeterMenuBar: setRunning(false, *local*)
